服务已启动
/login.html
/login.js
/getData
服务已启动
服务已启动
/login.html
/login.js
/getData
/favicon.ico
服务已启动
/login.html
/login.js
/getData
/login.html
/login.js
服务已启动
/login.html
/login.js
/getData
服务已启动
/login.html
/login.js
/getData
服务已启动
/login.html
/login.js
/getData
服务已启动
/login.html
/login.js
/getData
/login.html
/login.js
服务已启动
/login.html
/login.js
/getData
/login.html
/login.html
/login.html
/login.html
/login.html
/login.html
服务已启动
/login.html
/login.js
/getData
服务已启动
/login.html
/login.js
/getData
/login.html
/login.js
服务已启动
/login.html
/login.js
/getData
服务已启动
/login.html
/login.js
/getData
服务已启动
/login.html
/login.js
/getData
服务已启动
/login.html
/login.js
/getData
服务已启动
/login.html
/login.js
/getData
服务已启动
/login.html
/login.js
/getData
服务已启动
/login.html
/login.js
/getData
/favicon.ico
/login.html
/login.js
服务已启动
/login.html
/login.js
/getData
/login.html
/login.js
服务已启动
/login.html
/login.js
/getData
服务已启动
/login.html
/login.js
/getData
/favicon.ico
服务已启动
服务已启动
/login.html
/login.js
/getData
服务已启动
/login.html
/login.js
/getData
服务已启动
/login.html
/login.js
/getData
服务已启动
/login.html
/login.js
/getData
服务已启动
/login.html
/login.js
/getData
服务已启动
/login.html
/login.js
/getData
服务已启动
/login.html
/login.js
/getData
服务已启动
/getData
/login.html
/login.js
/login.html
/login.js
服务已启动
/login.html
/login.js
/getData
服务已启动
/login.html
/login.js
/getData
/login
服务已启动
/login.html
/login.js
/getData
/login
/login.html
/login.js
服务已启动
/login.html
/login.js
/getData
/login
服务已启动
/login.html
/login.js
/getData
/login
服务已启动
/login
服务已启动
/login
服务已启动
/login
/login
/login
服务已启动
/login.html
/login.js
/getData
/login
服务已启动
/login.html
/login.js
/getData
/login
服务已启动
/login
服务已启动
/login
服务已启动
/login
服务已启动
服务已启动
服务已启动
服务已启动
服务已启动
服务已启动
服务已启动
/login.html
/login.js
/getData
/login
服务已启动
/login
/login.html
/login.js
/getData
/login
服务已启动
/login.html
/login.js
/getData
/login
服务已启动
/login
服务已启动
/login.html
/login.js
/getData
/login
服务已启动
/login
服务已启动
/login
服务已启动
/login
服务已启动
/login.html
/login.js
/getData
服务已启动
服务已启动
/login
服务已启动
/login
服务已启动
/login
服务已启动
/login
服务已启动
/login
服务已启动
/login
服务已启动
/login
服务已启动
/login
服务已启动
/login.html
/getData
/login.js
服务已启动
/login
服务已启动
/login
服务已启动
服务已启动
/login
/login
/login
服务已启动
服务已启动
/login
/login.html
/login.js
/getData
/login
服务已启动
服务已启动
/login
服务已启动
服务已启动
/login
服务已启动
/login
服务已启动
/login
服务已启动
/login.html
/login.js
/getData
/favicon.ico
/login
/main.html
服务已启动
/login
服务已启动
/login.html
/login.js
/getData
/login
/error.html
服务已启动
/login
/error.html
服务已启动
/login
/main.html
/login
/main.html
/login
/main.html
/login.html
/login.js
服务已启动
服务已启动
服务已启动
服务已启动
/login.html
/login.js
服务已启动
/login.js
服务已启动
/login.html
/login.js
/getData
服务已启动
/login.html
/login.js
/getData
/login.html
/login.js
/getData
/login.html
/login.js
/getData
服务已启动
/login.html
/login.js
服务已启动
/login.html
/login.js
/login.html
服务已启动
/login.html
/login.js
/getData
/login.html
服务已启动
/login.html
/login.js
/main.html
/login.html
/login.js
/login
/main.html
/login.html
/login.html
/login.js
服务已启动
/login
/main.html
/main.html
/main.html
/login.html
/login.js
服务已启动
